<?xml version="1.0" encoding="UTF-8"?>
<!-- Generated by org.testng.reporters.JUnitReportReporter -->
<testsuite hostname="DESKTOP-UQKOT2U" failures="0" tests="1" name="Stoodeo_Test.ContactTestCase" time="45.269" errors="0" timestamp="2022-12-10T18:12:55 IST" skipped="0">
  <testcase classname="Stoodeo_Test.ContactTestCase" name="test1" time="45.269"/>
  <system-out/>
</testsuite> <!-- Stoodeo_Test.ContactTestCase -->
