<?xml version="1.0" encoding="UTF-8"?>
<!-- Generated by org.testng.reporters.JUnitReportReporter -->
<testsuite hostname="DESKTOP-UQKOT2U" failures="0" tests="1" name="Stoodeo_Test.FornFill_up" time="30.292" errors="0" timestamp="2022-12-10T20:39:30 IST" skipped="0">
  <testcase classname="Stoodeo_Test.FornFill_up" name="test" time="30.292"/>
  <system-out/>
</testsuite> <!-- Stoodeo_Test.FornFill_up -->
